<?xml version="1.0" encoding="UTF-8"?>
<testng-results ignored="0" total="21" passed="21" failed="0" skipped="0">
  <reporter-output>
  </reporter-output>
  <suite started-at="2025-09-08T09:31:27 IST" name="SauceDemo Automation Suite" finished-at="2025-09-08T09:34:44 IST" duration-ms="197006">
    <groups>
      <group name="cucumber">
        <method signature="AbstractTestNGCucumberTests.runScenario(io.cucumber.testng.PickleWrapper,io.cucumber.testng.FeatureWrapper)[pri:0, instance:runner.TestRunner@b2c9a9c]" name="runScenario" class="io.cucumber.testng.AbstractTestNGCucumberTests"/>
      </group> <!-- cucumber -->
    </groups>
    <test started-at="2025-09-08T09:31:27 IST" name="nopCommerce Cucumber Tests" finished-at="2025-09-08T09:34:44 IST" duration-ms="197006">
      <class name="runner.TestRunner">
        <test-method is-config="true" signature="setUpClass(org.testng.ITestContext)[pri:0, instance:runner.TestRunner@b2c9a9c]" started-at="2025-09-08T09:31:27 IST" name="setUpClass" finished-at="2025-09-08T09:31:28 IST" duration-ms="930" status="PASS">
          <params>
            <param index="0">
              <value>
                <![CDATA[org.testng.TestRunner@49dc7102]]>
              </value>
            </param>
          </params>
          <reporter-output>
          </reporter-output>
        </test-method> <!-- setUpClass -->
        <test-method signature="runScenario(io.cucumber.testng.PickleWrapper,io.cucumber.testng.FeatureWrapper)[pri:0, instance:runner.TestRunner@b2c9a9c]" started-at="2025-09-08T09:31:28 IST" name="runScenario" description="Runs Cucumber Scenarios" data-provider="scenarios" finished-at="2025-09-08T09:31:34 IST" duration-ms="6638" status="PASS">
          <params>
            <param index="0">
              <value>
                <![CDATA["Successful login with valid credentials"]]>
              </value>
            </param>
            <param index="1">
              <value>
                <![CDATA["Login functionality on SauceDemo"]]>
              </value>
            </param>
          </params>
          <reporter-output>
          </reporter-output>
        </test-method> <!-- runScenario -->
        <test-method signature="runScenario(io.cucumber.testng.PickleWrapper,io.cucumber.testng.FeatureWrapper)[pri:0, instance:runner.TestRunner@b2c9a9c]" started-at="2025-09-08T09:31:34 IST" name="runScenario" description="Runs Cucumber Scenarios" data-provider="scenarios" finished-at="2025-09-08T09:31:38 IST" duration-ms="3285" status="PASS">
          <params>
            <param index="0">
              <value>
                <![CDATA["Login failure with invalid credentials"]]>
              </value>
            </param>
            <param index="1">
              <value>
                <![CDATA["Login functionality on SauceDemo"]]>
              </value>
            </param>
          </params>
          <reporter-output>
          </reporter-output>
        </test-method> <!-- runScenario -->
        <test-method signature="runScenario(io.cucumber.testng.PickleWrapper,io.cucumber.testng.FeatureWrapper)[pri:0, instance:runner.TestRunner@b2c9a9c]" started-at="2025-09-08T09:31:38 IST" name="runScenario" description="Runs Cucumber Scenarios" data-provider="scenarios" finished-at="2025-09-08T09:31:41 IST" duration-ms="3039" status="PASS">
          <params>
            <param index="0">
              <value>
                <![CDATA["Login failure with blank input"]]>
              </value>
            </param>
            <param index="1">
              <value>
                <![CDATA["Login functionality on SauceDemo"]]>
              </value>
            </param>
          </params>
          <reporter-output>
          </reporter-output>
        </test-method> <!-- runScenario -->
        <test-method signature="runScenario(io.cucumber.testng.PickleWrapper,io.cucumber.testng.FeatureWrapper)[pri:0, instance:runner.TestRunner@b2c9a9c]" started-at="2025-09-08T09:31:41 IST" name="runScenario" description="Runs Cucumber Scenarios" data-provider="scenarios" finished-at="2025-09-08T09:31:44 IST" duration-ms="3411" status="PASS">
          <params>
            <param index="0">
              <value>
                <![CDATA["Login failure with blank username only"]]>
              </value>
            </param>
            <param index="1">
              <value>
                <![CDATA["Login functionality on SauceDemo"]]>
              </value>
            </param>
          </params>
          <reporter-output>
          </reporter-output>
        </test-method> <!-- runScenario -->
        <test-method signature="runScenario(io.cucumber.testng.PickleWrapper,io.cucumber.testng.FeatureWrapper)[pri:0, instance:runner.TestRunner@b2c9a9c]" started-at="2025-09-08T09:31:44 IST" name="runScenario" description="Runs Cucumber Scenarios" data-provider="scenarios" finished-at="2025-09-08T09:31:47 IST" duration-ms="3383" status="PASS">
          <params>
            <param index="0">
              <value>
                <![CDATA["Login failure with blank password only"]]>
              </value>
            </param>
            <param index="1">
              <value>
                <![CDATA["Login functionality on SauceDemo"]]>
              </value>
            </param>
          </params>
          <reporter-output>
          </reporter-output>
        </test-method> <!-- runScenario -->
        <test-method signature="runScenario(io.cucumber.testng.PickleWrapper,io.cucumber.testng.FeatureWrapper)[pri:0, instance:runner.TestRunner@b2c9a9c]" started-at="2025-09-08T09:31:47 IST" name="runScenario" description="Runs Cucumber Scenarios" data-provider="scenarios" finished-at="2025-09-08T09:31:57 IST" duration-ms="10134" status="PASS">
          <params>
            <param index="0">
              <value>
                <![CDATA["Add a single item to the cart"]]>
              </value>
            </param>
            <param index="1">
              <value>
                <![CDATA["Cart functionality on SauceDemo"]]>
              </value>
            </param>
          </params>
          <reporter-output>
          </reporter-output>
        </test-method> <!-- runScenario -->
        <test-method signature="runScenario(io.cucumber.testng.PickleWrapper,io.cucumber.testng.FeatureWrapper)[pri:0, instance:runner.TestRunner@b2c9a9c]" started-at="2025-09-08T09:31:57 IST" name="runScenario" description="Runs Cucumber Scenarios" data-provider="scenarios" finished-at="2025-09-08T09:32:10 IST" duration-ms="12844" status="PASS">
          <params>
            <param index="0">
              <value>
                <![CDATA["Add multiple items to the cart"]]>
              </value>
            </param>
            <param index="1">
              <value>
                <![CDATA["Cart functionality on SauceDemo"]]>
              </value>
            </param>
          </params>
          <reporter-output>
          </reporter-output>
        </test-method> <!-- runScenario -->
        <test-method signature="runScenario(io.cucumber.testng.PickleWrapper,io.cucumber.testng.FeatureWrapper)[pri:0, instance:runner.TestRunner@b2c9a9c]" started-at="2025-09-08T09:32:10 IST" name="runScenario" description="Runs Cucumber Scenarios" data-provider="scenarios" finished-at="2025-09-08T09:32:43 IST" duration-ms="32837" status="PASS">
          <params>
            <param index="0">
              <value>
                <![CDATA["Remove an item from the cart"]]>
              </value>
            </param>
            <param index="1">
              <value>
                <![CDATA["Cart functionality on SauceDemo"]]>
              </value>
            </param>
          </params>
          <reporter-output>
          </reporter-output>
        </test-method> <!-- runScenario -->
        <test-method signature="runScenario(io.cucumber.testng.PickleWrapper,io.cucumber.testng.FeatureWrapper)[pri:0, instance:runner.TestRunner@b2c9a9c]" started-at="2025-09-08T09:32:43 IST" name="runScenario" description="Runs Cucumber Scenarios" data-provider="scenarios" finished-at="2025-09-08T09:32:53 IST" duration-ms="9547" status="PASS">
          <params>
            <param index="0">
              <value>
                <![CDATA["View cart from cart icon"]]>
              </value>
            </param>
            <param index="1">
              <value>
                <![CDATA["Cart functionality on SauceDemo"]]>
              </value>
            </param>
          </params>
          <reporter-output>
          </reporter-output>
        </test-method> <!-- runScenario -->
        <test-method signature="runScenario(io.cucumber.testng.PickleWrapper,io.cucumber.testng.FeatureWrapper)[pri:0, instance:runner.TestRunner@b2c9a9c]" started-at="2025-09-08T09:32:53 IST" name="runScenario" description="Runs Cucumber Scenarios" data-provider="scenarios" finished-at="2025-09-08T09:33:03 IST" duration-ms="10773" status="PASS">
          <params>
            <param index="0">
              <value>
                <![CDATA["Proceed to checkout with valid information"]]>
              </value>
            </param>
            <param index="1">
              <value>
                <![CDATA["Cart functionality on SauceDemo"]]>
              </value>
            </param>
          </params>
          <reporter-output>
          </reporter-output>
        </test-method> <!-- runScenario -->
        <test-method signature="runScenario(io.cucumber.testng.PickleWrapper,io.cucumber.testng.FeatureWrapper)[pri:0, instance:runner.TestRunner@b2c9a9c]" started-at="2025-09-08T09:33:03 IST" name="runScenario" description="Runs Cucumber Scenarios" data-provider="scenarios" finished-at="2025-09-08T09:33:14 IST" duration-ms="10088" status="PASS">
          <params>
            <param index="0">
              <value>
                <![CDATA["Proceed to checkout with missing first name"]]>
              </value>
            </param>
            <param index="1">
              <value>
                <![CDATA["Cart functionality on SauceDemo"]]>
              </value>
            </param>
          </params>
          <reporter-output>
          </reporter-output>
        </test-method> <!-- runScenario -->
        <test-method signature="runScenario(io.cucumber.testng.PickleWrapper,io.cucumber.testng.FeatureWrapper)[pri:0, instance:runner.TestRunner@b2c9a9c]" started-at="2025-09-08T09:33:14 IST" name="runScenario" description="Runs Cucumber Scenarios" data-provider="scenarios" finished-at="2025-09-08T09:33:24 IST" duration-ms="10259" status="PASS">
          <params>
            <param index="0">
              <value>
                <![CDATA["Proceed to checkout with missing last name"]]>
              </value>
            </param>
            <param index="1">
              <value>
                <![CDATA["Cart functionality on SauceDemo"]]>
              </value>
            </param>
          </params>
          <reporter-output>
          </reporter-output>
        </test-method> <!-- runScenario -->
        <test-method signature="runScenario(io.cucumber.testng.PickleWrapper,io.cucumber.testng.FeatureWrapper)[pri:0, instance:runner.TestRunner@b2c9a9c]" started-at="2025-09-08T09:33:24 IST" name="runScenario" description="Runs Cucumber Scenarios" data-provider="scenarios" finished-at="2025-09-08T09:33:34 IST" duration-ms="10232" status="PASS">
          <params>
            <param index="0">
              <value>
                <![CDATA["Proceed to checkout with missing postal code"]]>
              </value>
            </param>
            <param index="1">
              <value>
                <![CDATA["Cart functionality on SauceDemo"]]>
              </value>
            </param>
          </params>
          <reporter-output>
          </reporter-output>
        </test-method> <!-- runScenario -->
        <test-method signature="runScenario(io.cucumber.testng.PickleWrapper,io.cucumber.testng.FeatureWrapper)[pri:0, instance:runner.TestRunner@b2c9a9c]" started-at="2025-09-08T09:33:34 IST" name="runScenario" description="Runs Cucumber Scenarios" data-provider="scenarios" finished-at="2025-09-08T09:33:59 IST" duration-ms="24521" status="PASS">
          <params>
            <param index="0">
              <value>
                <![CDATA["Complete checkout and finish order"]]>
              </value>
            </param>
            <param index="1">
              <value>
                <![CDATA["Cart functionality on SauceDemo"]]>
              </value>
            </param>
          </params>
          <reporter-output>
          </reporter-output>
        </test-method> <!-- runScenario -->
        <test-method signature="runScenario(io.cucumber.testng.PickleWrapper,io.cucumber.testng.FeatureWrapper)[pri:0, instance:runner.TestRunner@b2c9a9c]" started-at="2025-09-08T09:33:59 IST" name="runScenario" description="Runs Cucumber Scenarios" data-provider="scenarios" finished-at="2025-09-08T09:34:05 IST" duration-ms="6607" status="PASS">
          <params>
            <param index="0">
              <value>
                <![CDATA["Verify footer copyright text"]]>
              </value>
            </param>
            <param index="1">
              <value>
                <![CDATA["Homepage Footer Verification on SauceDemo"]]>
              </value>
            </param>
          </params>
          <reporter-output>
          </reporter-output>
        </test-method> <!-- runScenario -->
        <test-method signature="runScenario(io.cucumber.testng.PickleWrapper,io.cucumber.testng.FeatureWrapper)[pri:0, instance:runner.TestRunner@b2c9a9c]" started-at="2025-09-08T09:34:05 IST" name="runScenario" description="Runs Cucumber Scenarios" data-provider="scenarios" finished-at="2025-09-08T09:34:12 IST" duration-ms="6423" status="PASS">
          <params>
            <param index="0">
              <value>
                <![CDATA["Verify dropdown options"]]>
              </value>
            </param>
            <param index="1">
              <value>
                <![CDATA["Product sorting on SauceDemo homepage"]]>
              </value>
            </param>
          </params>
          <reporter-output>
          </reporter-output>
        </test-method> <!-- runScenario -->
        <test-method signature="runScenario(io.cucumber.testng.PickleWrapper,io.cucumber.testng.FeatureWrapper)[pri:0, instance:runner.TestRunner@b2c9a9c]" started-at="2025-09-08T09:34:12 IST" name="runScenario" description="Runs Cucumber Scenarios" data-provider="scenarios" finished-at="2025-09-08T09:34:18 IST" duration-ms="6181" status="PASS">
          <params>
            <param index="0">
              <value>
                <![CDATA["Verify default dropdown selection"]]>
              </value>
            </param>
            <param index="1">
              <value>
                <![CDATA["Product sorting on SauceDemo homepage"]]>
              </value>
            </param>
          </params>
          <reporter-output>
          </reporter-output>
        </test-method> <!-- runScenario -->
        <test-method signature="runScenario(io.cucumber.testng.PickleWrapper,io.cucumber.testng.FeatureWrapper)[pri:0, instance:runner.TestRunner@b2c9a9c]" started-at="2025-09-08T09:34:18 IST" name="runScenario" description="Runs Cucumber Scenarios" data-provider="scenarios" finished-at="2025-09-08T09:34:24 IST" duration-ms="6310" status="PASS">
          <params>
            <param index="0">
              <value>
                <![CDATA["Sort products by Name (A to Z)"]]>
              </value>
            </param>
            <param index="1">
              <value>
                <![CDATA["Product sorting on SauceDemo homepage"]]>
              </value>
            </param>
          </params>
          <reporter-output>
          </reporter-output>
        </test-method> <!-- runScenario -->
        <test-method signature="runScenario(io.cucumber.testng.PickleWrapper,io.cucumber.testng.FeatureWrapper)[pri:0, instance:runner.TestRunner@b2c9a9c]" started-at="2025-09-08T09:34:24 IST" name="runScenario" description="Runs Cucumber Scenarios" data-provider="scenarios" finished-at="2025-09-08T09:34:31 IST" duration-ms="6478" status="PASS">
          <params>
            <param index="0">
              <value>
                <![CDATA["Sort products by Name (Z to A)"]]>
              </value>
            </param>
            <param index="1">
              <value>
                <![CDATA["Product sorting on SauceDemo homepage"]]>
              </value>
            </param>
          </params>
          <reporter-output>
          </reporter-output>
        </test-method> <!-- runScenario -->
        <test-method signature="runScenario(io.cucumber.testng.PickleWrapper,io.cucumber.testng.FeatureWrapper)[pri:0, instance:runner.TestRunner@b2c9a9c]" started-at="2025-09-08T09:34:31 IST" name="runScenario" description="Runs Cucumber Scenarios" data-provider="scenarios" finished-at="2025-09-08T09:34:37 IST" duration-ms="6692" status="PASS">
          <params>
            <param index="0">
              <value>
                <![CDATA["Sort products by Price (low to high)"]]>
              </value>
            </param>
            <param index="1">
              <value>
                <![CDATA["Product sorting on SauceDemo homepage"]]>
              </value>
            </param>
          </params>
          <reporter-output>
          </reporter-output>
        </test-method> <!-- runScenario -->
        <test-method signature="runScenario(io.cucumber.testng.PickleWrapper,io.cucumber.testng.FeatureWrapper)[pri:0, instance:runner.TestRunner@b2c9a9c]" started-at="2025-09-08T09:34:37 IST" name="runScenario" description="Runs Cucumber Scenarios" data-provider="scenarios" finished-at="2025-09-08T09:34:43 IST" duration-ms="6188" status="PASS">
          <params>
            <param index="0">
              <value>
                <![CDATA["Sort products by Price (high to low)"]]>
              </value>
            </param>
            <param index="1">
              <value>
                <![CDATA["Product sorting on SauceDemo homepage"]]>
              </value>
            </param>
          </params>
          <reporter-output>
          </reporter-output>
        </test-method> <!-- runScenario -->
        <test-method is-config="true" signature="tearDownClass()[pri:0, instance:runner.TestRunner@b2c9a9c]" started-at="2025-09-08T09:34:43 IST" name="tearDownClass" finished-at="2025-09-08T09:34:44 IST" duration-ms="115" status="PASS">
          <reporter-output>
          </reporter-output>
        </test-method> <!-- tearDownClass -->
      </class> <!-- runner.TestRunner -->
    </test> <!-- nopCommerce Cucumber Tests -->
  </suite> <!-- SauceDemo Automation Suite -->
</testng-results>
